<?xml version="1.0" encoding="UTF-8"?>
<testng-results ignored="0" total="12" passed="12" failed="0" skipped="0">
  <reporter-output>
  </reporter-output>
  <suite started-at="2022-08-06T15:25:32 EET" name="Default suite" finished-at="2022-08-06T15:27:51 EET" duration-ms="139326">
    <groups>
      <group name="cucumber">
        <method signature="AbstractTestNGCucumberTests.runScenario(io.cucumber.testng.PickleWrapper,io.cucumber.testng.FeatureWrapper)[pri:0, instance:testRunner.TestRunner@54422e18]" name="runScenario" class="io.cucumber.testng.AbstractTestNGCucumberTests"/>
      </group> <!-- cucumber -->
    </groups>
    <test started-at="2022-08-06T15:25:32 EET" name="Default test" finished-at="2022-08-06T15:27:51 EET" duration-ms="139326">
      <class name="testRunner.TestRunner">
        <test-method is-config="true" signature="setUpClass(org.testng.ITestContext)[pri:0, instance:testRunner.TestRunner@54422e18]" started-at="2022-08-06T15:25:32 EET" name="setUpClass" finished-at="2022-08-06T15:25:33 EET" duration-ms="1138" status="PASS">
          <params>
            <param index="0">
              <value>
                <![CDATA[org.testng.TestRunner@5c41b8d8]]>
              </value>
            </param>
          </params>
          <reporter-output>
          </reporter-output>
        </test-method> <!-- setUpClass -->
        <test-method signature="runScenario(io.cucumber.testng.PickleWrapper,io.cucumber.testng.FeatureWrapper)[pri:0, instance:testRunner.TestRunner@54422e18]" started-at="2022-08-06T15:25:33 EET" name="runScenario" description="Runs Cucumber Scenarios" data-provider="scenarios" finished-at="2022-08-06T15:25:44 EET" duration-ms="11160" status="PASS">
          <params>
            <param index="0">
              <value>
                <![CDATA["User could register with valid data"]]>
              </value>
            </param>
            <param index="1">
              <value>
                <![CDATA["User could register"]]>
              </value>
            </param>
          </params>
          <reporter-output>
          </reporter-output>
        </test-method> <!-- runScenario -->
        <test-method signature="runScenario(io.cucumber.testng.PickleWrapper,io.cucumber.testng.FeatureWrapper)[pri:0, instance:testRunner.TestRunner@54422e18]" started-at="2022-08-06T15:25:44 EET" name="runScenario" description="Runs Cucumber Scenarios" data-provider="scenarios" finished-at="2022-08-06T15:25:53 EET" duration-ms="9076" status="PASS">
          <params>
            <param index="0">
              <value>
                <![CDATA["User could log in with valid email and password"]]>
              </value>
            </param>
            <param index="1">
              <value>
                <![CDATA["User Could Login"]]>
              </value>
            </param>
          </params>
          <reporter-output>
          </reporter-output>
        </test-method> <!-- runScenario -->
        <test-method signature="runScenario(io.cucumber.testng.PickleWrapper,io.cucumber.testng.FeatureWrapper)[pri:0, instance:testRunner.TestRunner@54422e18]" started-at="2022-08-06T15:25:53 EET" name="runScenario" description="Runs Cucumber Scenarios" data-provider="scenarios" finished-at="2022-08-06T15:26:03 EET" duration-ms="9989" status="PASS">
          <params>
            <param index="0">
              <value>
                <![CDATA["User could reset the password successfully"]]>
              </value>
            </param>
            <param index="1">
              <value>
                <![CDATA["User could reset the password successfully"]]>
              </value>
            </param>
          </params>
          <reporter-output>
          </reporter-output>
        </test-method> <!-- runScenario -->
        <test-method signature="runScenario(io.cucumber.testng.PickleWrapper,io.cucumber.testng.FeatureWrapper)[pri:0, instance:testRunner.TestRunner@54422e18]" started-at="2022-08-06T15:26:03 EET" name="runScenario" description="Runs Cucumber Scenarios" data-provider="scenarios" finished-at="2022-08-06T15:26:15 EET" duration-ms="11720" status="PASS">
          <params>
            <param index="0">
              <value>
                <![CDATA["Logged User could search for book"]]>
              </value>
            </param>
            <param index="1">
              <value>
                <![CDATA["Logged User could search for any product"]]>
              </value>
            </param>
          </params>
          <reporter-output>
          </reporter-output>
        </test-method> <!-- runScenario -->
        <test-method signature="runScenario(io.cucumber.testng.PickleWrapper,io.cucumber.testng.FeatureWrapper)[pri:0, instance:testRunner.TestRunner@54422e18]" started-at="2022-08-06T15:26:15 EET" name="runScenario" description="Runs Cucumber Scenarios" data-provider="scenarios" finished-at="2022-08-06T15:26:26 EET" duration-ms="10901" status="PASS">
          <params>
            <param index="0">
              <value>
                <![CDATA["Logged User could switch between currencies US-Euro"]]>
              </value>
            </param>
            <param index="1">
              <value>
                <![CDATA["Logged User could switch between currencies US-Euro"]]>
              </value>
            </param>
          </params>
          <reporter-output>
          </reporter-output>
        </test-method> <!-- runScenario -->
        <test-method signature="runScenario(io.cucumber.testng.PickleWrapper,io.cucumber.testng.FeatureWrapper)[pri:0, instance:testRunner.TestRunner@54422e18]" started-at="2022-08-06T15:26:26 EET" name="runScenario" description="Runs Cucumber Scenarios" data-provider="scenarios" finished-at="2022-08-06T15:26:34 EET" duration-ms="8387" status="PASS">
          <params>
            <param index="0">
              <value>
                <![CDATA["Logged user could select different Categories"]]>
              </value>
            </param>
            <param index="1">
              <value>
                <![CDATA["Logged user could select different Categories"]]>
              </value>
            </param>
          </params>
          <reporter-output>
          </reporter-output>
        </test-method> <!-- runScenario -->
        <test-method signature="runScenario(io.cucumber.testng.PickleWrapper,io.cucumber.testng.FeatureWrapper)[pri:0, instance:testRunner.TestRunner@54422e18]" started-at="2022-08-06T15:26:34 EET" name="runScenario" description="Runs Cucumber Scenarios" data-provider="scenarios" finished-at="2022-08-06T15:26:47 EET" duration-ms="12571" status="PASS">
          <params>
            <param index="0">
              <value>
                <![CDATA["Logged user could filter with color"]]>
              </value>
            </param>
            <param index="1">
              <value>
                <![CDATA["Logged user could filter the products"]]>
              </value>
            </param>
          </params>
          <reporter-output>
          </reporter-output>
        </test-method> <!-- runScenario -->
        <test-method signature="runScenario(io.cucumber.testng.PickleWrapper,io.cucumber.testng.FeatureWrapper)[pri:0, instance:testRunner.TestRunner@54422e18]" started-at="2022-08-06T15:26:47 EET" name="runScenario" description="Runs Cucumber Scenarios" data-provider="scenarios" finished-at="2022-08-06T15:26:57 EET" duration-ms="9838" status="PASS">
          <params>
            <param index="0">
              <value>
                <![CDATA["Logged user could select different tags"]]>
              </value>
            </param>
            <param index="1">
              <value>
                <![CDATA["Logged user could select different tags"]]>
              </value>
            </param>
          </params>
          <reporter-output>
          </reporter-output>
        </test-method> <!-- runScenario -->
        <test-method signature="runScenario(io.cucumber.testng.PickleWrapper,io.cucumber.testng.FeatureWrapper)[pri:0, instance:testRunner.TestRunner@54422e18]" started-at="2022-08-06T15:26:57 EET" name="runScenario" description="Runs Cucumber Scenarios" data-provider="scenarios" finished-at="2022-08-06T15:27:06 EET" duration-ms="9450" status="PASS">
          <params>
            <param index="0">
              <value>
                <![CDATA["Logged user could add different products to Shopping cart"]]>
              </value>
            </param>
            <param index="1">
              <value>
                <![CDATA["Logged user could add different products to Shopping cart"]]>
              </value>
            </param>
          </params>
          <reporter-output>
          </reporter-output>
        </test-method> <!-- runScenario -->
        <test-method signature="runScenario(io.cucumber.testng.PickleWrapper,io.cucumber.testng.FeatureWrapper)[pri:0, instance:testRunner.TestRunner@54422e18]" started-at="2022-08-06T15:27:06 EET" name="runScenario" description="Runs Cucumber Scenarios" data-provider="scenarios" finished-at="2022-08-06T15:27:16 EET" duration-ms="10245" status="PASS">
          <params>
            <param index="0">
              <value>
                <![CDATA["Logged user could add different products to Wishlist"]]>
              </value>
            </param>
            <param index="1">
              <value>
                <![CDATA["Logged user could add different products to Wishlist"]]>
              </value>
            </param>
          </params>
          <reporter-output>
          </reporter-output>
        </test-method> <!-- runScenario -->
        <test-method signature="runScenario(io.cucumber.testng.PickleWrapper,io.cucumber.testng.FeatureWrapper)[pri:0, instance:testRunner.TestRunner@54422e18]" started-at="2022-08-06T15:27:16 EET" name="runScenario" description="Runs Cucumber Scenarios" data-provider="scenarios" finished-at="2022-08-06T15:27:26 EET" duration-ms="9890" status="PASS">
          <params>
            <param index="0">
              <value>
                <![CDATA["Logged user could add different products to compare list"]]>
              </value>
            </param>
            <param index="1">
              <value>
                <![CDATA["Logged user could add different products to compare list"]]>
              </value>
            </param>
          </params>
          <reporter-output>
          </reporter-output>
        </test-method> <!-- runScenario -->
        <test-method signature="runScenario(io.cucumber.testng.PickleWrapper,io.cucumber.testng.FeatureWrapper)[pri:0, instance:testRunner.TestRunner@54422e18]" started-at="2022-08-06T15:27:26 EET" name="runScenario" description="Runs Cucumber Scenarios" data-provider="scenarios" finished-at="2022-08-06T15:27:51 EET" duration-ms="24755" status="PASS">
          <params>
            <param index="0">
              <value>
                <![CDATA["Create successful Order"]]>
              </value>
            </param>
            <param index="1">
              <value>
                <![CDATA["Create successful Order"]]>
              </value>
            </param>
          </params>
          <reporter-output>
          </reporter-output>
        </test-method> <!-- runScenario -->
        <test-method is-config="true" signature="tearDownClass()[pri:0, instance:testRunner.TestRunner@54422e18]" started-at="2022-08-06T15:27:51 EET" name="tearDownClass" finished-at="2022-08-06T15:27:51 EET" duration-ms="81" status="PASS">
          <reporter-output>
          </reporter-output>
        </test-method> <!-- tearDownClass -->
      </class> <!-- testRunner.TestRunner -->
    </test> <!-- Default test -->
  </suite> <!-- Default suite -->
</testng-results>
